Determining if the pthread_create exist failed with the following output:
Change Dir: /lu1/smagri/uni/subj/proj30cp/catkin_ws/src/a3_help/build/CMakeFiles/CMakeTmp

Run Build Command:/usr/bin/make "cmTryCompileExec2274276779/fast"
/usr/bin/make -f CMakeFiles/cmTryCompileExec2274276779.dir/build.make CMakeFiles/cmTryCompileExec2274276779.dir/build
make[1]: Entering directory `/lu1/smagri/uni/subj/proj30cp/catkin_ws/src/a3_help/build/CMakeFiles/CMakeTmp'
/usr/bin/cmake -E cmake_progress_report /lu1/smagri/uni/subj/proj30cp/catkin_ws/src/a3_help/build/CMakeFiles/CMakeTmp/CMakeFiles 1
Building C object CMakeFiles/cmTryCompileExec2274276779.dir/CheckSymbolExists.c.o
/usr/bin/cc    -o CMakeFiles/cmTryCompileExec2274276779.dir/CheckSymbolExists.c.o   -c /lu1/smagri/uni/subj/proj30cp/catkin_ws/src/a3_help/build/CMakeFiles/CMakeTmp/CheckSymbolExists.c
Linking C executable cmTryCompileExec2274276779
/usr/bin/cmake -E cmake_link_script CMakeFiles/cmTryCompileExec2274276779.dir/link.txt --verbose=1
/usr/bin/cc       CMakeFiles/cmTryCompileExec2274276779.dir/CheckSymbolExists.c.o  -o cmTryCompileExec2274276779 -rdynamic 
CMakeFiles/cmTryCompileExec2274276779.dir/CheckSymbolExists.c.o: In function `main':
CheckSymbolExists.c:(.text+0x16): undefined reference to `pthread_create'
collect2: error: ld returned 1 exit status
make[1]: *** [cmTryCompileExec2274276779] Error 1
make[1]: Leaving directory `/lu1/smagri/uni/subj/proj30cp/catkin_ws/src/a3_help/build/CMakeFiles/CMakeTmp'
make: *** [cmTryCompileExec2274276779/fast] Error 2

File /lu1/smagri/uni/subj/proj30cp/catkin_ws/src/a3_help/build/CMakeFiles/CMakeTmp/CheckSymbolExists.c:
/* */
#include <pthread.h>

int main(int argc, char** argv)
{
  (void)argv;
#ifndef pthread_create
  return ((int*)(&pthread_create))[argc];
#else
  (void)argc;
  return 0;
#endif
}

Determining if the function pthread_create exists in the pthreads failed with the following output:
Change Dir: /lu1/smagri/uni/subj/proj30cp/catkin_ws/src/a3_help/build/CMakeFiles/CMakeTmp

Run Build Command:/usr/bin/make "cmTryCompileExec3374450103/fast"
/usr/bin/make -f CMakeFiles/cmTryCompileExec3374450103.dir/build.make CMakeFiles/cmTryCompileExec3374450103.dir/build
make[1]: Entering directory `/lu1/smagri/uni/subj/proj30cp/catkin_ws/src/a3_help/build/CMakeFiles/CMakeTmp'
/usr/bin/cmake -E cmake_progress_report /lu1/smagri/uni/subj/proj30cp/catkin_ws/src/a3_help/build/CMakeFiles/CMakeTmp/CMakeFiles 1
Building C object CMakeFiles/cmTryCompileExec3374450103.dir/CheckFunctionExists.c.o
/usr/bin/cc   -DCHECK_FUNCTION_EXISTS=pthread_create   -o CMakeFiles/cmTryCompileExec3374450103.dir/CheckFunctionExists.c.o   -c /usr/share/cmake-2.8/Modules/CheckFunctionExists.c
Linking C executable cmTryCompileExec3374450103
/usr/bin/cmake -E cmake_link_script CMakeFiles/cmTryCompileExec3374450103.dir/link.txt --verbose=1
/usr/bin/cc   -DCHECK_FUNCTION_EXISTS=pthread_create    CMakeFiles/cmTryCompileExec3374450103.dir/CheckFunctionExists.c.o  -o cmTryCompileExec3374450103 -rdynamic -lpthreads 
/usr/bin/ld: cannot find -lpthreads
collect2: error: ld returned 1 exit status
make[1]: *** [cmTryCompileExec3374450103] Error 1
make[1]: Leaving directory `/lu1/smagri/uni/subj/proj30cp/catkin_ws/src/a3_help/build/CMakeFiles/CMakeTmp'
make: *** [cmTryCompileExec3374450103/fast] Error 2


