Determining if the pthread_create exist failed with the following output:
Change Dir: /lu1/smagri/uni/subj/proj30cp/catkin_ws/src/a3_help/build/CMakeFiles/CMakeTmp

Run Build Command:/usr/bin/make "cmTryCompileExec751403949/fast"
/usr/bin/make -f CMakeFiles/cmTryCompileExec751403949.dir/build.make CMakeFiles/cmTryCompileExec751403949.dir/build
make[1]: Entering directory `/lu1/smagri/uni/subj/proj30cp/catkin_ws/src/a3_help/build/CMakeFiles/CMakeTmp'
/usr/bin/cmake -E cmake_progress_report /lu1/smagri/uni/subj/proj30cp/catkin_ws/src/a3_help/build/CMakeFiles/CMakeTmp/CMakeFiles 1
Building C object CMakeFiles/cmTryCompileExec751403949.dir/CheckSymbolExists.c.o
/usr/bin/cc    -o CMakeFiles/cmTryCompileExec751403949.dir/CheckSymbolExists.c.o   -c /lu1/smagri/uni/subj/proj30cp/catkin_ws/src/a3_help/build/CMakeFiles/CMakeTmp/CheckSymbolExists.c
Linking C executable cmTryCompileExec751403949
/usr/bin/cmake -E cmake_link_script CMakeFiles/cmTryCompileExec751403949.dir/link.txt --verbose=1
/usr/bin/cc       CMakeFiles/cmTryCompileExec751403949.dir/CheckSymbolExists.c.o  -o cmTryCompileExec751403949 -rdynamic 
CMakeFiles/cmTryCompileExec751403949.dir/CheckSymbolExists.c.o: In function `main':
CheckSymbolExists.c:(.text+0x16): undefined reference to `pthread_create'
collect2: error: ld returned 1 exit status
make[1]: *** [cmTryCompileExec751403949] Error 1
make[1]: Leaving directory `/lu1/smagri/uni/subj/proj30cp/catkin_ws/src/a3_help/build/CMakeFiles/CMakeTmp'
make: *** [cmTryCompileExec751403949/fast] Error 2

File /lu1/smagri/uni/subj/proj30cp/catkin_ws/src/a3_help/build/CMakeFiles/CMakeTmp/CheckSymbolExists.c:
/* */
#include <pthread.h>

int main(int argc, char** argv)
{
  (void)argv;
#ifndef pthread_create
  return ((int*)(&pthread_create))[argc];
#else
  (void)argc;
  return 0;
#endif
}

Determining if the function pthread_create exists in the pthreads failed with the following output:
Change Dir: /lu1/smagri/uni/subj/proj30cp/catkin_ws/src/a3_help/build/CMakeFiles/CMakeTmp

Run Build Command:/usr/bin/make "cmTryCompileExec519785538/fast"
/usr/bin/make -f CMakeFiles/cmTryCompileExec519785538.dir/build.make CMakeFiles/cmTryCompileExec519785538.dir/build
make[1]: Entering directory `/lu1/smagri/uni/subj/proj30cp/catkin_ws/src/a3_help/build/CMakeFiles/CMakeTmp'
/usr/bin/cmake -E cmake_progress_report /lu1/smagri/uni/subj/proj30cp/catkin_ws/src/a3_help/build/CMakeFiles/CMakeTmp/CMakeFiles 1
Building C object CMakeFiles/cmTryCompileExec519785538.dir/CheckFunctionExists.c.o
/usr/bin/cc   -DCHECK_FUNCTION_EXISTS=pthread_create   -o CMakeFiles/cmTryCompileExec519785538.dir/CheckFunctionExists.c.o   -c /usr/share/cmake-2.8/Modules/CheckFunctionExists.c
Linking C executable cmTryCompileExec519785538
/usr/bin/cmake -E cmake_link_script CMakeFiles/cmTryCompileExec519785538.dir/link.txt --verbose=1
/usr/bin/cc   -DCHECK_FUNCTION_EXISTS=pthread_create    CMakeFiles/cmTryCompileExec519785538.dir/CheckFunctionExists.c.o  -o cmTryCompileExec519785538 -rdynamic -lpthreads 
/usr/bin/ld: cannot find -lpthreads
collect2: error: ld returned 1 exit status
make[1]: *** [cmTryCompileExec519785538] Error 1
make[1]: Leaving directory `/lu1/smagri/uni/subj/proj30cp/catkin_ws/src/a3_help/build/CMakeFiles/CMakeTmp'
make: *** [cmTryCompileExec519785538/fast] Error 2


