Determining if the pthread_create exist failed with the following output:
Change Dir: /lu1/smagri/uni/subj/proj30cp/catkin_ws/src/a3_help/build/CMakeFiles/CMakeTmp

Run Build Command:/usr/bin/make "cmTryCompileExec3191128701/fast"
/usr/bin/make -f CMakeFiles/cmTryCompileExec3191128701.dir/build.make CMakeFiles/cmTryCompileExec3191128701.dir/build
make[1]: Entering directory `/lu1/smagri/uni/subj/proj30cp/catkin_ws/src/a3_help/build/CMakeFiles/CMakeTmp'
/usr/bin/cmake -E cmake_progress_report /lu1/smagri/uni/subj/proj30cp/catkin_ws/src/a3_help/build/CMakeFiles/CMakeTmp/CMakeFiles 1
Building C object CMakeFiles/cmTryCompileExec3191128701.dir/CheckSymbolExists.c.o
/usr/bin/cc    -o CMakeFiles/cmTryCompileExec3191128701.dir/CheckSymbolExists.c.o   -c /lu1/smagri/uni/subj/proj30cp/catkin_ws/src/a3_help/build/CMakeFiles/CMakeTmp/CheckSymbolExists.c
Linking C executable cmTryCompileExec3191128701
/usr/bin/cmake -E cmake_link_script CMakeFiles/cmTryCompileExec3191128701.dir/link.txt --verbose=1
/usr/bin/cc       CMakeFiles/cmTryCompileExec3191128701.dir/CheckSymbolExists.c.o  -o cmTryCompileExec3191128701 -rdynamic 
CMakeFiles/cmTryCompileExec3191128701.dir/CheckSymbolExists.c.o: In function `main':
CheckSymbolExists.c:(.text+0x16): undefined reference to `pthread_create'
collect2: error: ld returned 1 exit status
make[1]: *** [cmTryCompileExec3191128701] Error 1
make[1]: Leaving directory `/lu1/smagri/uni/subj/proj30cp/catkin_ws/src/a3_help/build/CMakeFiles/CMakeTmp'
make: *** [cmTryCompileExec3191128701/fast] Error 2

File /lu1/smagri/uni/subj/proj30cp/catkin_ws/src/a3_help/build/CMakeFiles/CMakeTmp/CheckSymbolExists.c:
/* */
#include <pthread.h>

int main(int argc, char** argv)
{
  (void)argv;
#ifndef pthread_create
  return ((int*)(&pthread_create))[argc];
#else
  (void)argc;
  return 0;
#endif
}

Determining if the function pthread_create exists in the pthreads failed with the following output:
Change Dir: /lu1/smagri/uni/subj/proj30cp/catkin_ws/src/a3_help/build/CMakeFiles/CMakeTmp

Run Build Command:/usr/bin/make "cmTryCompileExec179111033/fast"
/usr/bin/make -f CMakeFiles/cmTryCompileExec179111033.dir/build.make CMakeFiles/cmTryCompileExec179111033.dir/build
make[1]: Entering directory `/lu1/smagri/uni/subj/proj30cp/catkin_ws/src/a3_help/build/CMakeFiles/CMakeTmp'
/usr/bin/cmake -E cmake_progress_report /lu1/smagri/uni/subj/proj30cp/catkin_ws/src/a3_help/build/CMakeFiles/CMakeTmp/CMakeFiles 1
Building C object CMakeFiles/cmTryCompileExec179111033.dir/CheckFunctionExists.c.o
/usr/bin/cc   -DCHECK_FUNCTION_EXISTS=pthread_create   -o CMakeFiles/cmTryCompileExec179111033.dir/CheckFunctionExists.c.o   -c /usr/share/cmake-2.8/Modules/CheckFunctionExists.c
Linking C executable cmTryCompileExec179111033
/usr/bin/cmake -E cmake_link_script CMakeFiles/cmTryCompileExec179111033.dir/link.txt --verbose=1
/usr/bin/cc   -DCHECK_FUNCTION_EXISTS=pthread_create    CMakeFiles/cmTryCompileExec179111033.dir/CheckFunctionExists.c.o  -o cmTryCompileExec179111033 -rdynamic -lpthreads 
/usr/bin/ld: cannot find -lpthreads
collect2: error: ld returned 1 exit status
make[1]: *** [cmTryCompileExec179111033] Error 1
make[1]: Leaving directory `/lu1/smagri/uni/subj/proj30cp/catkin_ws/src/a3_help/build/CMakeFiles/CMakeTmp'
make: *** [cmTryCompileExec179111033/fast] Error 2


